  main.cpp
C:\Users\kdm79\Desktop\A_Star_algorithm_test_1\AGV_Yolo_ver3\main.cpp(48,40): warning C4305: '초기화 중': 'double'에서 'const float'(으)로 잘립니다.
C:\Users\kdm79\Desktop\A_Star_algorithm_test_1\AGV_Yolo_ver3\main.cpp(52,42): warning C4305: '초기화 중': 'double'에서 'const float'(으)로 잘립니다.
C:\Users\kdm79\Desktop\A_Star_algorithm_test_1\AGV_Yolo_ver3\main.cpp(56,46): warning C4305: '초기화 중': 'double'에서 'const float'(으)로 잘립니다.
C:\Users\kdm79\Desktop\A_Star_algorithm_test_1\AGV_Yolo_ver3\main.cpp(211,80): warning C4312: '형식 캐스트': 'int'에서 더 큰 'LPVOID'(으)로의 변환입니다.
C:\Users\kdm79\Desktop\A_Star_algorithm_test_1\AGV_Yolo_ver3\main.cpp(305,72): warning C4267: '인수': 'size_t'에서 'int'(으)로 변환하면서 데이터가 손실될 수 있습니다.
C:\Users\kdm79\Desktop\A_Star_algorithm_test_1\AGV_Yolo_ver3\main.cpp(176,7): warning C4101: 'buf' :참조되지 않은 지역 변수입니다.
C:\Users\kdm79\Desktop\A_Star_algorithm_test_1\AGV_Yolo_ver3\main.cpp(170,8): warning C4101: 'wait_event' :참조되지 않은 지역 변수입니다.
C:\Users\kdm79\Desktop\A_Star_algorithm_test_1\AGV_Yolo_ver3\main.cpp(342,25): warning C4311: '형식 캐스트': 'LPVOID'에서 'int'(으)로 포인터가 잘립니다.
C:\Users\kdm79\Desktop\A_Star_algorithm_test_1\AGV_Yolo_ver3\main.cpp(342,25): warning C4302: '형식 캐스트': 'LPVOID'에서 'int'(으)로 잘립니다.
C:\Users\kdm79\Desktop\A_Star_algorithm_test_1\AGV_Yolo_ver3\main.cpp(791,50): warning C4305: '인수': 'double'에서 'float'(으)로 잘립니다.
C:\Users\kdm79\Desktop\A_Star_algorithm_test_1\AGV_Yolo_ver3\main.cpp(844,13): warning C4244: '초기화 중': 'double'에서 'int'(으)로 변환하면서 데이터가 손실될 수 있습니다.
C:\Users\kdm79\Desktop\A_Star_algorithm_test_1\AGV_Yolo_ver3\main.cpp(863,37): warning C4267: '초기화 중': 'size_t'에서 'int'(으)로 변환하면서 데이터가 손실될 수 있습니다.
C:\Users\kdm79\Desktop\A_Star_algorithm_test_1\AGV_Yolo_ver3\main.cpp(750,9): warning C4101: 'direction_angle' :참조되지 않은 지역 변수입니다.
  코드를 생성하고 있습니다.
  1 of 721 functions ( 0.1%) were compiled, the rest were copied from previous compilation.
    0 functions were new in current compilation
    1 functions had inline decision re-evaluated but remain unchanged
  코드를 생성했습니다.
  AGV_Yolo_ver3.vcxproj -> C:\Users\kdm79\Desktop\A_Star_algorithm_test_1\x64\Release\AGV_Yolo_ver3.exe
