  main.cpp
C:\Users\kdm79\Desktop\A_Star_algorithm_test_1\AGV_Yolo_ver1\main.cpp(39,36): warning C4305: '초기화 중': 'double'에서 'const float'(으)로 잘립니다.
C:\Users\kdm79\Desktop\A_Star_algorithm_test_1\AGV_Yolo_ver1\main.cpp(194,80): warning C4312: '형식 캐스트': 'int'에서 더 큰 'LPVOID'(으)로의 변환입니다.
C:\Users\kdm79\Desktop\A_Star_algorithm_test_1\AGV_Yolo_ver1\main.cpp(288,72): warning C4267: '인수': 'size_t'에서 'int'(으)로 변환하면서 데이터가 손실될 수 있습니다.
C:\Users\kdm79\Desktop\A_Star_algorithm_test_1\AGV_Yolo_ver1\main.cpp(159,7): warning C4101: 'buf' :참조되지 않은 지역 변수입니다.
C:\Users\kdm79\Desktop\A_Star_algorithm_test_1\AGV_Yolo_ver1\main.cpp(153,8): warning C4101: 'wait_event' :참조되지 않은 지역 변수입니다.
C:\Users\kdm79\Desktop\A_Star_algorithm_test_1\AGV_Yolo_ver1\main.cpp(325,25): warning C4311: '형식 캐스트': 'LPVOID'에서 'int'(으)로 포인터가 잘립니다.
C:\Users\kdm79\Desktop\A_Star_algorithm_test_1\AGV_Yolo_ver1\main.cpp(325,25): warning C4302: '형식 캐스트': 'LPVOID'에서 'int'(으)로 잘립니다.
C:\Users\kdm79\Desktop\A_Star_algorithm_test_1\AGV_Yolo_ver1\main.cpp(769,87): warning C4305: '인수': 'double'에서 'float'(으)로 잘립니다.
C:\Users\kdm79\Desktop\A_Star_algorithm_test_1\AGV_Yolo_ver1\main.cpp(801,57): warning C4244: '인수': '_Tp'에서 '_Tp'(으)로 변환하면서 데이터가 손실될 수 있습니다.
          with
          [
              _Tp=float
          ]
          and
          [
              _Tp=int
          ]
C:\Users\kdm79\Desktop\A_Star_algorithm_test_1\AGV_Yolo_ver1\main.cpp(801,50): warning C4244: '인수': '_Tp'에서 '_Tp'(으)로 변환하면서 데이터가 손실될 수 있습니다.
          with
          [
              _Tp=float
          ]
          and
          [
              _Tp=int
          ]
C:\Users\kdm79\Desktop\A_Star_algorithm_test_1\AGV_Yolo_ver1\main.cpp(801,36): warning C4244: '인수': '_Tp'에서 '_Tp'(으)로 변환하면서 데이터가 손실될 수 있습니다.
          with
          [
              _Tp=float
          ]
          and
          [
              _Tp=int
          ]
C:\Users\kdm79\Desktop\A_Star_algorithm_test_1\AGV_Yolo_ver1\main.cpp(801,21): warning C4244: '인수': '_Tp'에서 '_Tp'(으)로 변환하면서 데이터가 손실될 수 있습니다.
          with
          [
              _Tp=float
          ]
          and
          [
              _Tp=int
          ]
C:\Users\kdm79\Desktop\A_Star_algorithm_test_1\AGV_Yolo_ver1\main.cpp(816,73): warning C4305: '인수': 'double'에서 'const float'(으)로 잘립니다.
C:\Users\kdm79\Desktop\A_Star_algorithm_test_1\AGV_Yolo_ver1\main.cpp(855,13): warning C4244: '초기화 중': 'double'에서 'int'(으)로 변환하면서 데이터가 손실될 수 있습니다.
C:\Users\kdm79\Desktop\A_Star_algorithm_test_1\AGV_Yolo_ver1\main.cpp(874,37): warning C4267: '초기화 중': 'size_t'에서 'int'(으)로 변환하면서 데이터가 손실될 수 있습니다.
C:\Users\kdm79\Desktop\A_Star_algorithm_test_1\AGV_Yolo_ver1\main.cpp(691,9): warning C4101: 'direction_angle' :참조되지 않은 지역 변수입니다.
  코드를 생성하고 있습니다.
  1 of 719 functions ( 0.1%) were compiled, the rest were copied from previous compilation.
    0 functions were new in current compilation
    7 functions had inline decision re-evaluated but remain unchanged
  코드를 생성했습니다.
  AGV_Yolo_ver1.vcxproj -> C:\Users\kdm79\Desktop\A_Star_algorithm_test_1\x64\Release\AGV_Yolo_ver1.exe
